<?xml version="1.0" encoding="UTF-8"?>
<!-- Generated by org.testng.reporters.JUnitReportReporter -->
<testsuite hostname="HYDNALUVS0927" failures="0" tests="1" name="demo.TokenCreate" time="0.424" errors="0" timestamp="2023-12-06T12:33:48 IST" skipped="0">
  <testcase classname="demo.TokenCreate" name="loginUser" time="0.424"/>
</testsuite> <!-- demo.TokenCreate -->
