<?xml version="1.0" encoding="UTF-8"?>
<!-- Generated by org.testng.reporters.JUnitReportReporter -->
<testsuite hostname="HYDNALUVS0927" failures="0" tests="1" name="saASDFGJ.TZXHJ" time="2.281" errors="0" timestamp="2023-12-13T17:05:14 IST" skipped="0">
  <testcase classname="saASDFGJ.TZXHJ" name="login" time="2.281"/>
</testsuite> <!-- saASDFGJ.TZXHJ -->
